5
2
3
3
3
3
5
2
3
3
2
5
2
5
3
3
3
3
2
5
2
5
3
3
5
2
3
3
3
3
5
2
835743424
900970888
407470615
438011421
383871801
831114860
443488281
37713089
830363503
283246559
159943154
644261668
471160021
540860218
200025299
160574142
761084596
900954368
971439808
384806719
960244981
260994012
866782290
760424559
431053615
632264978
827191783
890579139
95963515
131336698
953187281
262967851
210091966
114901632
576016358
689025947
819365820
498786830
633647400
745714095
885467095
651557913
955231196
863147524
469004125
920166136
255448429
386298862
249847282
298455694
215681606
573566789
174395551
878849073
179737641
358733411
230200961
803746098
961625662
735932661
787585833
366430672
239600322
628114806
572926498
971394850
449254718
176463315
