1
84
27796
23792544
928682345
827393266
408520098
795430313
368334874
55773860
104032883
362962697
311916626
372801361
803642306
311787534
355388655
947668047
467338218
641477936
799603473
935916521
196334414
949760321
312094479
874980904
402911937
886630506
982433954
370016200
525121163
167206142
344409385
163506291
991156458
89679174
673335366
222362010
346944763
698537120
520312265
726259306
991356203
286764951
628100969
809710664
603031260
358127503
929587183
623723613
124097416
285271499
736059819
86351532
950160322
495723619
17289642
963393376
738566415
805260270
346828728
573915650
240108066
681022934
626284684
434234653
874719598
761116621
609904341
85571527
910928291
508733763
671413023
579465301
112747226
28500278
188609610
526703361
128462938
63557941
597768954
646253704
768948521
446483039
736383607
649612597
822956579
812233462
832054350
679894394
122933614
294067591
137522364
926629767
385484187
299619577
878357918
184710952
205313932
900598789
969305831
263329164
741834251
640297837
741410933
239787244
42741039
605153622
36316473
243308182
266433776
468908655
83513841
353648974
981760331
846475970
166618984
734517296
194789938
459886880
475452671
951756081
739565279
178120761
412020539
750812879
301817475
868138370
232614451
588399137
714956667
725663922
569330576
556968369
968701958
582761802
754289634
484873065
656829882
468471044
645511706
761243492
760611146
806702394
621666128
858348875
684448859
101955353
292405813
827496956
743811847
449648746
931070007
452759771
820339143
158729312
454936550
372796566
185568587
18471812
524896883
293416145
871003863
321128948
903690420
778431680
21111329
803301727
404978307
302668179
29774659
715191330
451496150
524788529
932962687
64740726
487811325
16005819
836173012
107782766
494336350
576830848
556348334
777287850
793167285
948050222
787122420
605113419
827229432
266556200
345461543
715158620
851338913
72365594
154254020
449012467
69822417
642630059
719149486
664405423
953815776
609747295
999214566
595958294
295524320
823955178
947634920
841285707
760437232
252855614
114885900
892131525
659579762
322257955
843993998
699110458
579106139
246800541
660280410
826911926
988491786
579243915
790441038
762631090
340357787
282289536
221359969
352269125
788488014
320524945
239296763
189081990
854602931
733890929
235497404
409142022
41977861
29339402
814481236
80041649
991996679
460286292
404077130
845262399
343292068
340648453
20664745
848146349
36297106
254271419
4387179
344766520
38564284
109587863
559138385
298721227
76160398
642840135
787653690
294533167
978686386
824431510
232167435
535040926
777062754
541792746
759478276
771531278
32556412
59095349
447222883
471459568
48393136
856620477
772168276
456389822
692598816
644585112
535397694
565782610
345183612
674275942
643243581
560560414
187478754
835836196
852383470
850746479
907947415
639405740
171256318
282959227
341551476
640389077
681576675
703796402
20952826
823324590
312617264
339545186
404532193
425270618
510161224
27658122
560460349
182559978
952339366
603791821
489490783
197126435
786510177
390444913
456690470
889620022
210149374
63233524
450960686
413589934
892513983
824754965
668123077
64470780
47831519
54980049
158713130
702818241
229710923
150916723
834342523
786385331
353232752
928358671
589656357
99438554
203292440
831832725
288591919
979041907
246512196
165098861
647582821
529138503
79181570
747761251
136061322
280915565
459371213
116016202
462662379
85744742
849565883
752657810
822154230
873938477
622122341
504533862
421058290
42424306
226385716
276663473
793142419
356545580
695968098
551872050
476242878
108007148
872923016
544792787
459131292
925514540
33884381
591719778
772443926
602678735
765517885
996422022
588837299
484613410
554591463
992691006
631942202
233932988
236622805
559826802
79480957
467203898
336990627
45431403
297112674
865219646
647340958
892867271
652734964
198104602
41527802
345222181
531760277
576312346
167972775
113628520
194734117
957942746
451979943
671301197
926340464
306159402
38807262
292644417
12431809
337160763
881539375
153172810
153353621
932280126
900490939
552217966
680180935
992670624
893127355
565144948
472750582
673917462
405814378
646222777
490743104
180466760
848492839
872094914
760083916
376859718
197072526
469965779
141787294
928279439
23454188
173475133
62341847
422636017
532074088
253769231
221161343
62697114
810956256
280133443
800180749
386856263
113164777
222506037
621051331
618131154
872150572
888599546
886721081
742002313
117184399
340949065
600700735
68146325
895497202
181087416
144996495
570716432
32160127
863094791
231406156
246446389
115833709
670258194
38653153
577056889
186179736
138042200
117970710
465527994
332945753
626568104
610889525
370298297
17666745
507255523
170991303
510194869
136232983
732145761
720090134
274151068
35975905
364095638
269015944
881449095
985317191
706416471
70193908
275325149
101760422
855189674
62237372
538977066
385495817
675255789
366136512
612665094
395551933
617870850
353729826
519003576
830655077
285125277
783680307
531013878
852302496
174246113
349148604
581158930
170435759
891404029
770465764
35198094
986901280
778210024
523429873
188153507
667890944
995185890
798186087
173033061
517742339
948618643
429431822
553786797
912670886
947170353
633605020
904865025
933606879
421202777
6036805
827632279
537249658
100070059
618672918
325330841
269155102
78990562
332190988
292049090
771360918
827951212
426001798
270921171
91647369
508315636
584286974
701448261
893258606
346650922
548053811
512541847
361073333
998344266
77910979
805942442
994843097
424334811
850203470
239799070
789042835
607272805
249253881
40946041
170419933
359710754
755682077
327373738
822422361
239055883
609179734
859074138
817180221
526462813
742113832
679783087
906176457
758866860
681800935
36719337
856218109
947081474
220253251
121681315
592299524
982490030
851244201
523097439
762628624
294855076
434634985
31686413
354757205
832237028
810434882
790332124
931015526
219908508
238008074
659828898
555429551
166112922
280726386
501873164
256224311
280436987
585568716
729149652
553431480
665812622
234094215
586221157
26222823
996295843
566978308
904517248
985919927
146207197
380759166
58547603
525958178
527261111
886055519
566307670
95088465
376379144
843337523
699832566
197101323
257464497
744663527
976088634
746021195
866977582
873641845
385891636
676826884
653266461
456428587
996439460
924355686
170681231
422011729
218881023
962844935
689579213
766262417
706495139
802494504
562196482
602404886
898687639
291282586
550288457
137976018
109794513
64139361
266232501
982815576
289028506
606904363
809345009
444361389
342081441
592486797
87841052
515512332
75836728
135601120
181743468
754572010
819231270
344984075
586876180
655049864
191398834
702035676
846124327
585568199
666074406
874511268
812666880
599225733
87907613
213316419
744061687
715351343
245230211
293323720
765243935
819775651
493904006
562749651
738633104
670602485
797492163
612931098
211118997
987361955
483967896
347937256
491483723
155291582
806984832
5139714
480511116
689905077
416890947
997176561
843192144
547963802
326188783
570946325
140831050
764988494
410206323
579934322
677300794
933121488
567144415
970822915
556340719
607808361
701775514
819697537
674599412
337175509
904258188
771057235
732454147
158273091
775723622
453792655
359671718
719131743
352239898
499119804
385182277
47129652
576316999
41906810
50265831
624919089
437458066
457570413
498332948
296284209
551951331
131322647
162211362
691908005
48644753
516084160
288323790
379031316
213141170
772922780
283042711
721688751
705064131
911987906
25707423
220555285
593544192
288641681
451178554
157270004
608575700
951675060
997332090
86560448
49782727
915226993
361791748
651219874
75978947
150354539
965604794
356500486
180564268
844052488
459775714
571842292
774420262
202177244
119182702
262493193
631107824
950768869
273180406
101954629
763131557
203726266
892846182
355284739
214664340
385575721
824728060
556216851
787193682
664633594
429574134
463593990
363725833
482782225
654251744
712308490
530109503
830095231
692550317
996206852
801338387
758431052
294919592
91556076
42954049
848707883
63419826
186692653
360630814
896727512
819765043
982029302
399790136
802031376
144291778
814941957
88773052
812077877
116680080
504745871
80327847
68319333
973614443
314586005
523520297
55041042
86755450
434943178
238182600
658577998
693986027
363972996
249687045
94258467
595088894
606975902
649213495
589210176
58688998
367295180
748181988
211003418
48452583
888184517
210767901
331176402
731948064
24168061
37651728
162398951
834676718
576026672
685001432
306551482
150696595
23753998
961000912
915838306
817638157
302929506
576060486
32876774
920256588
825931727
480080338
874502243
112365147
724880592
578794344
615045086
485416040
798862810
572255907
255601922
826497799
321187266
947527204
859944537
967104631
433045352
971142014
841689438
196301694
498468211
97581992
460414942
401873427
345281193
626168212
797512328
932278483
981239077
277604344
372223482
213380424
101216198
260804569
457962306
2019463
651054174
405572344
165108080
288725013
96190945
801033425
912936761
446873738
119789670
362304923
400577615
995051368
41812190
509765446
817368534
546888809
290527187
600111872
768007578
576749773
266374982
299070527
968573043
281341511
227467118
284359038
293768070
252771229
207982948
464223167
234719559
863005514
896168250
427408618
97108705
427523551
674175850
623032978
810229908
989849734
321618034
858974986
109003966
141677046
162314686
145385731
180762604
890949046
443984445
31098826
244444868
132487011
412749557
660421795
466868570
749938242
800919578
827819353
668027783
396758293
851157071
761866973
453377146
569881854
200285090
37448086
85008087
507702684
449790009
749679085
552524680
286417213
73859957
378125576
144915980
585574985
515944377
375994179
483731725
998971587
562488857
960849042
446529807
695724885
658213623
342847578
411844052
319750364
588871994
686463939
776354045
644989977
211232232
351715043
25782314
115786015
610458148
673614171
80407789
358627515
180283203
803614627
626400231
701631289
369683408
897765460
398504867
263896074
313936785
122920846
93991613
668867103
802491898
995700002
137432386
3876093
572210319
368005525
133699952
512097236
391098497
876890182
414885596
278474395
984298016
842462286
12577039
630598131
283132111
725675405
847183466
787409996
127687736
369430123
331866813
828530290
732600399
609000957
86176389
233494694
309131854
149323364
688735651
41035765
703044132
628187809
884350715
957168867
403828116
4657300
107175693
653356036
391694399
82285193
82990741
243183512
595615603
76035933
942546705
271497862
747390866
992671549
318426751
899796158
387561753
271946138
283665826
491687317
446475526
844029054
653026272
212145629
482954265
582027547
973505628
674093542
204428811
798440045
422945311
831267055
656110819
659225881
776444766
993114323
889291456
183772363
392715316
610624379
775531353
500376504
914517390
904310955
260557317
862290196
577991415
55749964
907202523
662142665
824010640
664683405
852638928
430865038
254881078
446984010
441348905
29081356
49289118
80198669
539531533
435157306
262073670
130632379
977672856
945105670
22669472
967434815
119621064
733761931
978293598
863301630
893584183
164647442
486437458
708646063
378411018
628325011
605626451
794160606
250697270
145556905
918456976
486894214
760133416
162045038
420843950
49853383
967623472
480800819
280262387
919015171
683101653
736341684
27226981
890160478
463295461
924075889
161295318
657573215
497001557
34781884
174557434
509096812
836727480
714123037
123122929
278762683
154343817
636154083
275386692
559564804
435751426
471569910
864614956
925835832
1368011
946484878
812739593
782079051
479739337
691683740
800152850
501807922
360634267
897639402
66874636
645967387
793250069
542619817
648916042
472099920
650264003
858431700
39607907
254991223
666598596
599800257
757942836
763903209
465261749
697929238
188643053
349248884
299829077
578642398
174779903
849326411
283554677
465246932
970128322
541510210
802832681
922231876
701334323
664834477
207313491
429832429
45964953
509027422
658030843
508039224
86141683
94648314
817517984
246266922
490644459
866196590
18449567
340725910
33899545
358744884
916830192
911509230
499163313
446745189
429475061
207430372
394181407
113817399
183352425
706943941
915231336
352541144
896853224
51191084
4493346
624761242
615788117
732622644
10868761
790415595
825738834
815650749
36736691
188441604
133681949
705776961
717904758
200539057
805362501
137332033
149093811
307603501
196735
516268214
645506838
787659717
718709811
187323452
205912627
271939871
275632123
101068845
270583631
191249528
607360212
766697859
440505551
402568556
172416509
850978132
622732832
605582221
574782118
483402021
647793948
739426574
945864532
308595049
811897856
455180188
802385134
451651763
595548127
255044163
313650256
668380794
462441552
839978183
273407120
548946501
918383691
602595215
820458767
770220777
632167371
793018525
486944503
428617885
803167772
184345580
333899825
963450373
859675527
410100128
148276346
998447615
215577250
323053428
215520435
465270753
296873732
374650164
382198515
886828891
679491067
543253652
654040136
115571935
763723801
845491623
616300596
219275011
497178531
626250242
266491586
582547647
242591132
445200845
589607350
990279886
954260162
914402528
940606864
644193673
361367958
67931764
538209948
825793140
823024720
618641323
209667209
503950194
592352180
758402330
990391958
842065872
289695641
858917660
647759083
454762158
819431365
410834603
92788527
144378395
928914206
769920453
371397651
375539454
658775802
914096726
809713166
877577176
84731156
369579254
37483111
671535722
892963932
324103411
54181296
395472733
52204382
527282664
364366708
534674671
48628433
878621145
661304206
762353549
75947104
333125602
55862525
905897674
592155449
799121124
703152079
374832523
937332485
86165615
575721625
12145808
803602861
539180494
527939878
501523338
939583765
171610474
729878749
961692132
12982588
816117945
362533685
441376984
990312678
395249810
283353252
672120497
945915607
428102293
303163440
559609084
171010148
747558702
486376968
486977465
827273412
270275749
564492431
421043698
879217050
818492113
310776981
142423759
325772041
408081156
757898054
866386864
380059974
805358136
401565033
991139240
459637348
874750306
94925026
994063821
336353466
145821646
140898615
8469820
426829371
119038339
976725643
513003818
46091109
127790466
451079439
394301326
11968613
86121151
407069256
97681076
115489288
452888130
634546079
349820839
729441924
95705025
467196808
339177848
321355407
223980909
200405913
96852746
248772190
127414386
510884347
866170751
570036538
76401433
830019842
998467473
618017067
47153839
404752227
713633258
93444920
282014227
960832117
393810035
358207885
986030492
436735343
776928123
185235930
147905956
965503142
762639068
178139679
850882538
511704543
885193769
272435000
777148082
725867767
810901056
546797884
249534487
958101810
954151794
677918487
53858180
524136936
815417298
984509059
715739234
676782986
781553383
477569148
366452081
371963767
601668454
56976230
977666455
253977976
266057415
338197807
661311227
776578720
625983732
511101959
598596564
633906287
768789126
194369606
158418992
836333781
34134996
968070564
626973114
235042314
465376324
666555714
6006736
192083148
788877284
945804090
591643932
349626238
323753049
279454757
123264985
707100419
776376756
846575906
613265012
302647237
24467165
965945506
924331897
421015757
845055866
31907581
737031817
449745092
391719810
172493598
14538614
872842609
827311714
402155395
359899681
307195278
107241711
389949094
193702170
672380087
604712179
207053830
667277603
515423511
28794125
439866447
540910103
648525695
137933693
167923009
307060183
244398432
217017301
539841921
596681537
667009603
645244783
755347459
313201715
875887639
324672966
54321368
47926221
484366567
124523528
189576207
698932254
128787417
749419008
662669539
788584034
130588722
360792626
66950027
455812216
909561056
759259978
880255263
890410269
395738004
472616422
950976451
434977085
540493522
754507305
966749025
559858237
536239349
398831218
432663833
36955201
723638520
635815351
421528
522700866
15057692
89429823
408630468
597077992
885963219
762877571
40005860
461699564
275417771
364837195
519769763
631981372
625556902
725540194
133507797
771108234
570782626
524862806
618096817
656903264
493037623
164017805
934024786
944637299
47238425
792318913
808638986
88969903
668517057
898398259
592536423
213343658
8328544
861279903
305012554
577596475
832086814
688283409
745690238
223732078
526528025
689839270
513853442
219206866
754230623
977823795
810743826
315879047
830186450
569418070
325359815
243564246
313356006
432880892
628252032
650519015
888862745
157215192
7747683
835681926
677583812
759711163
726878905
398032524
895171049
488702165
752683751
916722437
474247615
90986516
435760396
836654445
745410396
535328646
875631704
317596887
865974803
840044017
726996071
528323275
249707577
817730344
250646875
650700645
574216936
151112201
823906935
763845327
977139823
7613827
498218957
166913308
155182469
883092109
6779257
315818841
869168068
931039611
288372788
467021130
158826676
208944741
975175089
367551165
10793428
782105821
705368849
38814830
834693797
610723678
962267149
416938756
816254956
264791659
400672740
726448936
835243546
703115101
929508516
83033424
955011581
282575318
674135051
227909170
722794889
183277416
300283814
117696358
218711599
978831221
970524639
563427939
511329160
72214118
869396725
893853972
345979004
500796962
771562211
294535021
511161934
793467343
490214099
426068042
350933551
776014904
520024900
91915351
680943234
430177736
480828063
25200710
232408638
449083399
152191074
762403371
823162330
593351294
226994939
33645135
465753439
768343857
742960077
921392173
187429446
580003220
829377224
277289872
762919690
71628803
933637115
944936320
317468776
951974819
388158622
275263336
887646441
467600679
654326217
460146267
988265834
652731647
104960437
33093405
677571865
968992243
713722480
817093541
301011234
196243548
694982804
934058633
201186790
185879529
344951702
510989917
966850410
444449536
157289065
580230753
865218005
21753064
438126326
346729480
69247924
17396791
724349336
989463284
299018397
720729432
699121353
222096913
730964519
97151886
849199744
952550128
713807388
871196283
108376923
856340269
954062993
617738224
664284743
621306432
430389690
769751910
516559285
467769034
867867218
573426660
343382844
723255672
664194347
828267587
275850348
387483325
110616630
383880582
167289684
970695560
972783232
977735318
888989912
832925448
807502038
345686498
635027391
306471789
596177513
470253197
945642917
366990206
426444770
765012906
457201569
71382211
448827506
610271501
422620178
203625065
662454222
241390751
606766175
866841895
586223136
618102821
75573032
819976367
682864312
785970577
388120329
458300058
886852520
219726594
51628573
310913029
258544159
818541627
880935202
97383088
625265799
485563180
432560907
299189984
940233046
818531246
655630016
469959016
604907059
175797909
600102865
617703045
213517231
689693649
580121580
864509829
883267920
763050332
924417695
207568850
532587305
698205214
612856547
77852355
207027498
892001545
103553997
318254022
829588490
339699350
556068028
315160288
160823547
872452927
104442230
840565337
730398055
593268181
948486017
881354229
675988315
458764940
894192054
272059304
136403960
811520692
184058256
762707045
206483829
609764358
699417607
224324766
192552392
351353643
595196977
337252705
729407248
759612234
433567837
219006239
976226697
915536199
616021080
452369288
773637071
347878696
10303416
719072570
153902771
381076862
994679124
834451113
782555071
153531369
289035932
44587448
674412499
105142708
585683943
178266234
143105873
181176836
824140814
377741815
523160111
1656108
570248648
471006848
946936101
266389805
144147923
105275367
508300666
658290067
448662770
159497119
363279718
654066764
914715582
464497479
840571841
863480514
705091578
397918138
90767522
254600295
652457975
430165492
764174422
443587691
968347251
875919713
966537799
889435548
453953968
323840818
324312142
791605330
2954471
220443242
745543427
448080381
154777839
838211215
957365176
266546999
203778115
219789060
694742359
17469844
279520907
860420243
400232593
68720330
343044320
15244434
630378277
202013704
718501327
5691507
793832868
790981264
569219209
466125721
345230148
483943280
48711925
286553550
240699278
597809417
636503317
13552992
439332106
990963510
728168517
306870679
947814097
688148973
321675197
126658347
865447062
323128070
689337780
701433827
478212898
567352659
608018155
416687647
515359726
804255687
650518444
281750588
714892606
241742272
197803519
19058444
23191026
839599925
36445937
69764223
943744859
332819768
90733879
649755064
673518146
21235798
811005247
493898448
662027507
39455244
942303511
940039071
365405773
13377548
948018022
150296417
153731760
434588261
305010236
368208807
857461261
231473395
105778038
401109226
237404355
814175915
825564132
175878273
300074455
34506152
426589371
7218067
176225389
84119338
191155498
108424270
829667708
458669969
851452468
259119961
363408421
253263826
646422233
251284581
295166614
400578828
904396132
713130346
871488723
484408233
637838756
679702467
138748515
376246045
739577
245554892
169146928
543503771
656056272
437385542
786366918
511604022
329933831
274024276
165634944
695648306
776700397
995878215
181090115
535309415
471921477
372671201
499992293
713703081
310676118
347996468
586396353
355011235
173451905
722664967
634482901
490770091
689131271
55933198
495945040
767983883
155483593
823136396
397126628
139498097
350694606
958681404
27015830
299327139
845455961
161019904
66389823
497103226
929158732
613770751
438450818
829823089
379105411
876336463
538337306
611406067
761691449
162870224
509785547
561659220
308854907
978823979
557856494
938131463
794069606
907493398
790491108
262314822
698090413
217974222
236187710
514942810
497605389
454667623
67870086
331292791
485910141
483198159
623052908
672804533
560846197
15693967
13720661
759415603
762887956
942774495
209976114
620974103
332301571
606261359
799431488
30576322
638154695
275708963
924915556
463652497
574754411
953633494
73003362
989838381
169284422
107532929
773324909
449362898
574129678
778154565
496505946
922236132
869310167
868249453
225149485
543224175
290379615
466521857
193869153
323777989
389191496
760903151
468125602
822282698
215778684
21203898
552629916
497995966
723930687
833673720
59821640
98982752
875479591
364022172
966631155
857394771
22315263
975765747
69515277
111110117
167670043
367796491
306188973
891871423
283725506
520721868
915777462
658131978
757928465
980155265
274413051
15805295
639308408
627034037
352884689
669881047
33380726
845358458
132067287
656476237
94493118
346317324
801950504
247634898
556069815
47685784
784557206
392895037
841225747
834494167
974612277
941667234
64978605
476515093
519585878
552201041
578707971
938190403
708467248
259709907
329895881
775382816
452358661
146216769
977804332
568464703
249232342
591866816
606081003
551279982
278022915
686995439
466016621
800285514
672857802
827481138
466572841
60408071
675056932
807294633
879164488
748858914
924545029
625504184
406430662
390289483
528527179
935905281
351252370
481592769
586400811
470208150
614319325
78501316
36876127
126638719
846837530
454100326
942198982
5886001
353566644
352861024
657779041
428559586
278934190
928704064
393058287
165265889
984235539
223367114
299994760
429206344
654032335
725141185
915582577
654580674
995103553
126631943
969619335
307606647
392317477
372489361
688676334
51346326
375853929
599525546
69648681
638552852
513485534
168511175
753918786
75811112
111400800
240504329
27422838
105439205
434859135
836292706
505052503
511898719
679791286
907574086
932829189
419828985
540227595
810872790
467871178
862114128
362876548
212101795
675338243
434518335
432040245
703909106
493240838
480456325
925584133
386401013
397741367
649089255
969926517
480902684
467832508
418726213
478837322
191130340
345548077
111294126
676453638
657081420
836291414
494720181
481159518
94292951
747463636
304146848
362744832
244927543
632108677
274464505
9707152
843539542
250156748
699426848
938581740
88394630
776180726
963293345
611397493
118074370
891409781
558674457
382217704
76313748
565374827
280658566
509438372
310379186
375470231
979494100
504047713
765614760
541131226
723213501
351557779
507900046
53825517
981544221
94601905
676070675
956057422
760866022
164894393
471374079
340507330
118243046
889780476
319363694
970154024
463012966
685842167
390222587
145838516
340186155
413167708
877030330
754594618
173259481
203831463
775838125
331427102
785655827
725246960
284108737
24032429
526257520
530653128
101796681
603706881
577913250
78423432
401788364
661891928
241778871
176565128
827048222
861206283
113154094
110682739
694180080
862101032
741146633
151028335
280167207
818691448
910598216
113654425
555807559
29659403
19896481
324985297
971386560
449101178
467590052
303081246
453279203
710500009
704163821
205706161
860327538
912731455
792090722
923675262
899028374
357372217
751336293
821275273
642907198
971653271
793167483
115998786
848252584
834643024
307697182
148558633
255233490
59412164
966554304
757764336
402486390
414883230
395063228
892838854
351807557
96841003
415090309
203026936
446607613
222593260
41593806
214245849
352800680
988943736
391379170
629941860
902431687
50279746
440835436
428241484
12831004
461644307
664765001
21123129
125911092
475007560
539243285
760353373
38134148
604905251
994117304
383269461
235944496
34989515
894380856
123198204
903471932
490465060
178852743
519899048
749829889
563462264
685579502
106805785
881276929
944798322
985961219
26075002
810675953
880813776
641031466
78624924
217755289
636194110
715516293
689154514
76744042
904370466
484642190
805428741
345732361
769979683
788166257
957685180
428776136
739891612
194836770
776448265
294659418
356992417
581029106
551558055
363753265
195691924
740974704
572600326
942473419
991237158
712174024
850316783
413089839
625026802
214541022
317346142
53005019
407864625
197199048
989367595
141225528
420969739
849008123
139789634
241321267
383806038
611520722
633674523
597777837
689311386
873317695
661407422
29543347
22736982
332622198
751590028
568349208
286189251
190372884
618766232
725949483
361912494
499070882
557480224
85934137
448492444
664718801
989103744
491558156
780389771
937371337
598402250
418047586
73482100
958831373
97895601
357923068
163341250
714234546
343378424
622228971
353184683
287423712
650055426
70733218
134186777
987126311
936580735
426708777
356918935
699925832
533066432
874681076
150061498
544409454
655650689
533891677
523697377
673044372
976345700
691671969
666970164
528938678
287428044
252409268
292079482
49439065
335065391
756258999
141265457
605256928
350421738
712267450
50984850
488230364
282081835
842438802
847640632
219738487
555383122
794558095
539076889
296119228
495609049
381870704
503521612
137786330
769101249
449381593
892601526
69203400
886265545
481035244
123531796
98888966
752884097
837174192
479274180
157464722
693570354
359202212
224361076
786280321
984967254
650205186
842561658
471024840
665871767
801131658
985469034
325599764
249420666
362439987
830315367
798223555
157260459
471299992
17339043
233242443
378773817
320910213
73938375
214328222
432920022
552925355
106372390
818371169
981830101
776414678
281520021
523349374
298023795
927025842
772749919
179200400
400466032
310283548
614367040
767741948
103555510
753480600
74548131
679658120
830246238
796681124
985936396
4177748
281838457
176058824
153755297
119394589
996630711
973049648
468115568
772968954
777785780
659236300
646981235
838735319
564508631
748160476
345500503
138727576
510960050
968367840
458246485
509977560
118553402
930585776
826883780
830033370
261964089
216034736
386997633
107626030
586000398
495849106
251646896
903656473
210945625
615971040
271596090
918353512
672136579
826433103
175252983
581433551
862041585
148902494
278843954
37653115
300169029
306421475
833635906
486143940
187134224
723356745
148793167
656417795
260034000
938340438
40961641
626150056
502425922
808358141
128494340
17061086
339613627
708605030
392032141
300716958
759424514
380381707
702975672
400046197
564478347
886094101
7986316
436711017
100795955
41354197
831424006
166672306
12714649
516959160
342220598
473093698
761338140
872454848
267378886
842073976
668042798
139265677
260193197
382592523
353950209
425061109
885462538
579609236
135506122
647042018
901738109
7080921
914535741
919177371
53775761
705920646
19391543
669323250
951286095
567384714
541813202
63182770
730832148
672592677
574313177
214371284
225384324
866657053
444983971
364112443
850513504
432634747
364025372
93453518
613048716
363845300
108827906
568119984
33737692
8827937
856819605
536984768
903073167
666616765
890089199
100237831
505020218
627458577
30729052
140178777
931891608
210559482
654434232
388407749
606054533
86388585
513231267
840972209
778260274
12038308
550707748
161653800
111091836
743679368
836656262
884015539
417606858
44415464
392234330
426116770
590223885
299721072
613898677
489276901
793800135
740436409
310736629
716033268
760848883
819242723
853563871
478217642
559141201
223436769
230461743
173346569
52182346
604737427
847633199
421957514
36579375
832883536
696451684
697406964
136370745
336973149
6226517
886603529
984063348
371978964
391003659
206096552
538312348
270953007
863145248
819041589
507799798
135437203
878150804
460072129
681414701
753897228
691444490
736095131
47523729
551710562
302284513
932070249
899322473
616001533
633759090
521404362
109741874
557542613
570601489
948440294
523687808
722925615
963849881
192188368
777661626
499543980
978142872
31162811
889406840
552204177
627967763
860527615
895173444
56229158
644036396
729102229
579686295
127581779
997586800
131246528
851388761
484702790
810455148
959901560
267011582
464746736
250035759
185432752
83317005
947697870
170915961
512883602
969975820
496610876
583441251
219590150
537831312
829401416
312946527
288275670
136931695
384299036
648168733
881562818
85959621
70756462
747146725
846697036
909362057
640179061
182768608
154594833
662633084
614726292
771325467
497396416
951077891
277654943
807127472
480375336
925455109
651030992
308637451
793339964
332564415
591311304
616878086
154344977
488301069
313726707
686077314
369103198
431227789
935941124
768793834
523813304
597916370
156935603
945153484
113074180
858338755
876843317
529880121
745077595
962032408
751174947
295242543
977461427
204734626
868028762
423575792
928950872
122075404
450985600
568431135
73496625
883963285
533300849
800401621
318071551
649186350
152629124
689378481
216671926
857842891
655148791
137547835
167338379
681311293
514519041
788761236
354082978
322067058
409039025
214572779
244061519
272809392
400626445
92900231
663118788
476598748
670483600
83039742
898073014
563603803
468032437
505746164
255404437
397883885
376436517
374554745
886250201
98338487
18432362
805716626
22185055
619411492
722048426
135692668
270560523
473875967
48396163
513288297
213546873
604565116
379907134
963314396
10458516
169621814
60924019
485004895
935959632
593720669
543210637
829744479
866526108
90438659
97782638
825642712
198021648
304542960
134161355
192644204
988524528
457719934
111733966
36451650
589023784
767016042
158436542
930292289
622405205
454711829
668247872
834073943
988494757
219671888
167797706
438770805
349578030
641870416
918093481
732884239
182714631
866695118
709446176
455729404
553011564
224942508
238411145
512912379
86200140
930178925
42091815
502010837
648623816
134003215
344030483
305499667
770636663
217179210
809225808
924685996
819765539
32781319
266412899
352895943
511906226
995826504
616485330
267663735
970264789
562901712
238600432
533969127
778012414
316270213
78533397
589765068
546058248
470832394
90904211
990408609
414504754
291063313
930863444
497999983
379448072
389212223
366516793
983329340
675735632
687970757
409279949
111886936
816097317
140815308
352652172
386053621
638438564
909722180
155664545
552661218
887038232
337367641
666838721
326291869
404030526
92382520
954027355
897568339
860457446
790648151
131551641
154900652
619748374
533642952
625069574
709400344
235841326
41414781
383004638
553793563
540530954
558611141
614778123
58486120
637664355
427243401
512807869
140048778
751219367
155580093
325213519
169384174
793386213
89876125
864203579
513961554
595049960
109668497
350950481
370820960
419786627
775070387
723068528
346207605
924502709
412670096
243929431
341103614
228402088
26531594
209108519
306168689
565015200
948792490
539214642
12267210
40807949
326004802
162411102
134950509
797175758
383438938
20036119
388956270
263473684
80949094
535464074
542302509
266413273
980932946
551124590
844944134
972770491
421968610
802387432
214859179
633791767
554155865
140465816
901640898
955789962
628146575
267983777
302030344
902849048
337668945
23976080
783919718
559933254
187878722
140197851
784427747
570195361
330947580
489089659
132340516
850413936
995711738
578187941
8767365
613769700
426106531
309129674
288189475
242595763
968783716
982054229
294934753
570447463
402374045
607218432
896170321
705695724
261603655
788232778
734447601
360879783
843409562
937595087
805053983
950264979
293891132
3345380
988923389
279950564
640092514
837556338
532430581
590777595
631013105
594193256
27996465
19242321
693555112
916472391
76942434
340407800
313508680
643218452
223298769
630275924
675043054
59081608
61225490
232733491
447484169
503137520
35419713
345867902
97220532
656480186
144609721
300937828
213914196
956559528
406248441
254267997
928719825
575125021
332839007
531048101
539156295
956757832
588693293
868375210
904588686
559404298
553816747
178423443
940244617
459857010
427435210
229420285
372998097
835287887
827125015
859836330
110265316
142958335
102652223
968027947
43687498
198356651
524550425
405654659
90583950
93257256
600877764
382499
600988577
979450238
752081797
561389192
255062367
440355484
234564295
139968854
299202276
980505918
131471477
419748263
752283175
959474757
459375617
402000852
737770304
752119955
199305462
529968481
496053756
929421867
547187984
114166522
181615866
776083157
989332475
58664777
421243160
320070877
738907066
559544586
848199343
62081276
59557933
558327146
693799406
670106802
945849026
854843778
878731981
981262322
91816002
73668503
580761077
906315871
83259588
243443615
106032324
797679618
290285455
342751091
326478172
110217694
190942745
358289353
266421066
164815333
51822810
597546957
636551105
583335632
691903793
459584267
335395970
965612224
53453356
55278501
743340372
237201962
665672452
413042654
449455779
579605017
612608067
520757446
627319366
887843293
719481017
154040863
455726712
195877257
808286653
475641721
707690727
763448221
698370300
496464405
210371453
351742781
58388798
774293262
232201450
503697934
537139896
282111712
772950925
154324105
865087540
100718157
847295506
132328232
792969642
642433227
579205520
830190421
49920988
383477923
740889570
364193856
566998564
407442817
806680619
940491960
208601492
944422613
412000267
560831228
76574230
312410627
493623710
978475436
695383393
815837428
446102083
158221029
676183956
243645116
862427294
75573029
726636909
761220075
863221937
56060200
361512119
101581917
573926007
401645975
268366004
660537421
616202943
192205214
822847412
646701630
338551935
351294261
425415669
950615968
640783416
480264179
485316271
192419826
331197318
10847377
535918038
552031225
236142895
662001185
21243776
750219100
715645894
920873528
529407122
611991215
960443392
937347853
576832426
943033999
681250773
781408655
160291883
299372863
751560267
320779875
588839578
9677075
676156942
285194710
217674279
279187864
357745797
681854515
916010759
399566955
112833443
979185782
460732176
325582253
94145309
369431624
229950827
634937255
310632130
645968766
280999719
210617900
645140685
394869751
966008540
451313259
454476782
447640456
520321222
24386254
752442692
35123723
32147196
204648492
428952375
306265478
664037462
10726136
773797238
445573363
95906480
546353637
568264127
640051249
654774496
451445115
234826712
153382152
983736409
199228814
473753083
90650924
738407286
683733016
123891430
73592640
288592477
835847078
917713945
579999875
286256656
954332247
398322977
52485976
155270547
811637016
114981555
343912263
683728390
894778318
495472108
922696335
909946021
87511780
20190829
596817536
195080359
924238388
544879231
906814123
412887295
751456068
873544696
478192746
190404636
759185772
818391514
469047004
819314230
452643796
905087576
850741637
814582099
526751308
443267667
2003707
956010169
504398082
553383997
872912673
639033912
776453493
460740682
585074659
534085904
454372724
685318343
995763399
706375432
582077495
365775832
417327444
624716614
579075776
824172508
984137657
702027971
764346021
928429113
163831022
791617960
787102184
90025244
65260717
842821455
856833499
784097441
70471102
782833776
424824974
789065999
559234295
143453834
289616292
511306144
739696023
627229558
855348771
103916974
411374621
852731078
109797001
272332735
486168541
943745959
421369202
871554103
130371033
628640821
140109075
38428562
272683986
81537718
886384141
767042231
75841586
402940698
773219580
744256467
118564331
570217079
78519103
294227424
979206033
829024901
892505311
769138879
871783792
261899385
524809271
745423776
866727541
725009103
490669014
230183621
356870174
935159132
47260951
878216297
19468346
515005554
595929884
940063126
512984846
13967166
29672682
462364572
111997437
415945386
257871714
711314979
44589081
361826376
584859364
376200205
588373234
783485857
458693978
187034993
497416134
903937357
643356784
368184087
71710004
691885545
215932328
538668707
586799028
50992014
337802580
492079075
620955207
619499887
116874818
393779211
205474929
80956327
163473741
444233197
108415700
683748543
485831256
487677199
496958145
211220572
236070039
190015623
979542320
112890584
501036840
66309741
132843375
295027020
530704160
995343223
510701782
750923581
934927748
170945292
274556541
295497094
514230441
921048158
924523258
663726600
771174061
404991184
33116205
784002034
240000669
548291371
410099726
691602466
183936829
365327646
677161188
344603424
420194425
672148646
812268090
980207063
331774901
482588744
338353882
191176050
735738778
11106057
4657966
734562444
772878374
198834635
312871527
749237754
18793872
673456609
270480044
285875148
94197327
888657256
329573323
141619114
406486335
847454485
618224539
684704867
660009043
117174642
592339326
177482973
637000656
781497530
385758840
448964299
119074095
498507901
25289693
850088745
325191778
766195852
890639459
622710129
271109172
60207683
755994037
963448140
424164845
835888079
11933128
135756871
259325502
484911633
744953030
806182058
909549032
519088191
479070364
169903329
477897648
813117068
711915608
641085045
921138449
783203089
816959374
622166338
280720727
100673179
536611866
526539664
31656715
440472839
266599502
319233770
510894531
498388309
145740418
204819867
626695487
243536027
471657908
904052075
680113144
808771247
742043305
289155334
495924609
997660682
355389424
891198352
828948116
756051790
805650439
155302069
337579147
191015728
506995408
998889361
407940785
889859364
851238876
283822650
624784839
314818850
426042957
260947892
281158265
477386875
387245205
440325323
857628421
776626685
92564034
355885014
435240271
392078656
922879778
961433373
259689357
995406177
379471362
607442830
257884689
648524856
564562861
907881521
663490738
192262195
347228658
323030655
669016578
697857542
131390634
559384334
983825089
643932599
839423202
250191154
576642547
602268135
169533175
614554152
664536375
126361800
231236514
548672741
468531328
944071726
451536500
132277637
398326823
862157808
397730123
334456546
663720618
385910146
354827560
488721141
107354983
532750410
377756422
519455664
148292093
702342797
481715062
147339302
75520436
937099703
260784014
449970078
542104334
687631311
988507508
521098833
154729170
968845467
29276295
345615745
345778279
626743386
830693481
283119144
983193621
229931273
788785860
645310801
413870556
120609203
425476710
692094428
807217505
795467313
261165058
722881311
937548558
879674150
824413064
562838494
92420817
71507292
737837353
811075492
83213306
14307994
609749890
368910722
198333526
844101452
766920907
555437646
191208975
17737323
372235809
132943
117957649
601277524
237128210
687794144
199792443
4287749
396075494
151845537
699875492
929861817
674244953
115650614
69886362
45246760
852963041
923591117
698934348
667022089
168004597
332913372
569269423
808325082
226421751
197055913
358779965
62024809
476810092
953389680
363413371
913057389
947965122
591758927
913467865
654458829
744231011
336627184
951492521
937499373
376913146
45845565
604180831
689838377
836150560
556552629
276750102
999651283
665854189
594191740
837221148
711014449
524605638
639575777
817477117
546493758
892607269
949417847
396455154
872821087
699896559
776771517
281236525
162688897
361355394
368106804
792967781
471027364
544032319
932535904
937842788
172435486
682768458
389545787
130835262
796523215
60488886
679737372
302742831
237743946
722321252
996637848
324094832
203410035
715030021
544231660
637321878
715665104
488000111
565557912
193719441
863892521
969873711
264099298
529242259
448222466
995407678
518084426
243551846
332841497
461102733
511129880
16703916
787729299
422727966
433778826
53212841
715504566
966967190
779090788
686412080
188388132
816991627
962275740
634981427
236016373
263921327
992299907
592153470
344333664
752034555
356445780
92689591
388929362
437857914
436206721
439418441
590207648
78443427
77561556
76787289
969242721
7181750
634318542
686653911
79180506
302859476
749069304
116386637
979861347
258907620
962051662
891534029
207877879
893016559
615440450
211879292
558882243
797646856
95201189
924828408
630697039
12020953
422819510
90941654
684524661
644476018
866510359
388595083
279763759
343645066
617188192
110252702
521315656
21162355
305188404
950207912
622852993
728383118
70503806
614643725
404988705
229434426
384178404
359705017
274399812
660761344
857673010
281338650
547842692
445468390
119138042
184780373
862339006
927085133
428153344
375466232
78729426
286948613
897345358
343537163
248726871
150769482
286897852
446649505
11136457
711592387
620101158
909413721
976306648
619215563
499663079
344419093
277539615
428772624
688763177
225051186
496851774
824174033
447352073
132934964
224571808
55394925
279470324
282038381
697508030
206250160
364979493
131586506
383405636
571048603
825274627
686679543
890476076
214899697
734583086
70889200
15049808
180276115
598127062
230972790
135851696
701434766
893920977
764560420
800381086
301287669
587356333
68610261
675319943
112139418
170957051
71458788
827103283
15206992
231316336
536226466
805618234
182871754
924237061
366721898
724203686
420801764
681865347
816568360
613344454
962674444
466338241
8051139
519433436
305574446
221335391
280222222
467447857
140811400
157722925
458843846
588536628
994770633
77684120
764485062
78126986
190970365
482893062
327606203
20337820
209631806
421399486
972522305
317586370
949628873
507025013
853957523
666979921
998372710
723822459
56835989
377589283
680290313
751751990
823138641
619379292
624634351
374936917
117030898
285641066
934183676
282900296
314941297
130304776
241413543
358319618
373043135
536662116
283031544
607308593
834751493
288081468
334052998
320169815
391406942
697616322
89669579
951065347
994703805
825097147
997542322
265363288
29418247
663337802
785549349
352889258
190874608
223679189
489753256
417519261
29401106
190578831
619421296
199410166
680407114
467328260
264267168
344257874
698191314
705300492
36409090
883517099
353081729
392250805
930860511
52435003
624840473
471296618
970133295
85602282
102261754
446393602
26009928
600653486
601010945
124387358
775222438
371235016
565305025
359755872
566654762
560268426
225160091
308625102
26091119
128931120
101235909
723897131
696158222
592626594
258991047
325582241
546951239
550642244
643189425
595729589
289415168
361566773
333990799
806710751
684447996
956000670
526726984
768668756
424647662
893650034
399975538
635739499
92805022
617369289
88458686
813927453
602167095
678060792
298606013
963168283
45266795
684120608
968288887
837697687
436387177
99887565
945631664
641381561
862262234
510186305
73777855
368865842
524472405
269680380
535388604
631535791
536627282
578053967
400548546
94324179
800409182
509497243
746291277
196503280
754937005
956491221
940772067
396318494
140038897
731956351
26600240
787806331
404885491
160861745
785717925
867142598
648540290
960740982
651611076
714992666
145488233
897025567
658835576
514654492
394367960
863707205
277068027
484824837
446010763
208592571
545533732
773179938
682110899
754764344
91134831
954647301
770555725
739932487
344277684
638398127
958701790
900347262
129206467
488972813
637572795
369445453
483099246
786176019
640446955
935550930
91099619
566417187
697066468
144704394
418879784
349169633
994852393
222754779
681565329
787169578
244698247
905990988
739476286
370420139
340782197
929069884
397691371
618181976
156824545
896570274
152547240
36101999
690246933
299922795
34371901
413634480
902681797
815262024
695913271
351060599
548725752
719664018
414471198
957650802
835592677
350764665
21725687
82579184
187963812
999158371
758582347
615490047
496492407
113461136
816548411
216703932
665003203
426394982
31332212
304507778
153421007
317997865
280083083
301675903
393759310
234114283
779948150
508000454
943160642
57205800
779373991
645070681
833641432
840855647
2694877
224089505
113899103
30260419
667573638
986775523
143926602
159655068
953065990
232223915
394450179
149279754
443766050
506998908
591921930
576338612
510336221
898028086
149909523
869322599
580221464
723243237
727877307
654063137
21948257
560798543
156288410
937422900
859050595
479753452
811509038
935172288
790930314
710974448
356060217
986937153
70366608
700077239
993983764
812615469
495460778
579130494
404822331
17580288
77068442
668361059
256318087
408581608
640996383
179190757
896112727
894763381
420492913
166714517
714442856
655615544
669750418
270301762
767821943
79973273
965855909
871767947
277623030
896323353
861183301
769785032
655578102
904952756
730564541
918901964
677790164
575490201
546110512
631979034
241290471
217350032
407026916
230319817
529788015
900383881
874754412
92578581
911855346
512044521
6009939
262455802
687154309
339879330
749543571
119291036
497369899
888127679
755881588
527337205
284125995
110483790
359708394
586454105
526751736
661782908
990281376
251152684
4216527
485839870
508275606
516016684
16290815
607885477
526033359
2886554
761074873
516058217
354847841
219907935
533790232
812771021
841964508
576355195
110494487
35479718
870957945
758000588
291003164
549382163
577689689
934597409
874546333
991067868
212382119
246665868
280416801
459465089
538637906
431989653
317122099
374191163
66502860
285188182
949974299
726152104
563697788
518725726
426690586
648986910
643627230
836171900
547862806
555153917
136343438
183905858
784926014
111261975
324594735
796048334
443794936
333985868
92910120
816504786
652174415
862884383
118332683
561893745
408327173
52324768
122964960
661273860
518567610
35329159
41220051
741122050
560851601
822369040
85743447
868827080
972694334
681830839
29771821
777425105
494740884
308849856
743599216
317765426
847202069
124529962
126204387
752288122
138454534
786396257
548660917
24983640
429668595
170658204
318707042
414052196
196946859
838296906
169310046
166051803
518796139
154553656
251485884
223253163
447013341
114430301
260656980
360381922
455203030
364036094
381164163
515334182
646727921
504583616
348615950
50393999
549959040
428017309
543137023
711745614
817853095
207960488
920781188
989572792
454499836
89248642
214393126
180448830
246866853
499285017
776068035
862376804
620126095
230997033
424901455
708162965
682914970
606579976
825261505
937457774
476533739
153093062
193385979
196478634
457059860
988851715
891755684
7766043
712737317
325788786
513608430
577208760
584793681
947139204
443462105
656962679
684886149
767415957
393498702
802197631
469005354
891006803
584942806
821658587
935544302
868864430
926587590
403515822
899935980
819329664
258654381
559494779
116813705
263921193
465989758
101373612
708814296
315215156
144188264
81096603
617747617
236927193
403625953
257062750
367851254
604129972
326364019
904571413
343703514
526384374
295820944
998454992
452603187
263136749
549460136
853723906
665731893
676328424
419940109
752754697
544358003
129367962
593818505
901717466
910891378
728733303
579511630
624060791
657441686
895930234
456938628
633074062
323534384
939395835
699476267
435066868
77571755
526636379
550776753
209612893
114173597
62627888
261413352
787033477
261511380
34436232
206942444
112518853
120835462
358667857
540710217
1991974
347731372
125654551
891109771
679897701
582193282
554291076
799404742
502149693
577142905
868789385
62594590
307865962
13862060
69369684
312115334
650814756
377267597
260754897
150046122
939338856
253633954
386772588
268579710
682305151
26015150
653006196
713616868
223656091
344672647
861459357
351666802
380747688
362784430
248399846
290250269
161620757
131831221
100989778
117638382
720408920
948753568
356077241
632321195
466982002
154769297
613545131
844598456
343394148
244780451
624518967
823046341
50806687
898728906
63406944
742458942
960060590
445137224
605322182
708901537
78740841
57264204
436970207
371314824
932515967
240645710
22358898
797114979
642093862
563486411
502883812
307345022
