1.87935e+08
1.66339e+08
1.97591e+07
1.66789e+07
7.14098e+07
1.84003e+08
3.29313e+07
1.49269e+07
1.59486e+08
9.91856e+07
1.35485e+08
9.71204e+07
6.15658e+07
1.09264e+08
6.73472e+07
2.34578e+08
3.23201e+07
1.31515e+08
7.62419e+07
1.05309e+08
1.53443e+08
9.1831e+07
5.85038e+07
2.49505e+08
1.10805e+08
2.11839e+08
1.2796e+08
6.09295e+07
1.38327e+07
2.06659e+08
1.10829e+08
6.66768e+07
9.55409e+07
1.5341e+08
1.38696e+08
1.44341e+08
1.00681e+08
1.44076e+07
9.85853e+07
3.22874e+08
2.56186e+07
1.09543e+08
1.86949e+08
4.34706e+08
9.42315e+06
2.02297e+07
3.97203e+07
8.8109e+07
5.36796e+08
6.23251e+07
6.39844e+07
1.15091e+08
7.3385e+07
5.35828e+07
1.38151e+08
6.46138e+07
6.07076e+07
1.63648e+08
4.71817e+07
1.05265e+07
7.35831e+07
1.66822e+08
3.43179e+07
4.7234e+07
6.49856e+07
7.122e+07
7.91099e+07
1.19202e+08
1.19837e+08
5.52257e+07
3.3779e+07
3.60187e+07
8.87966e+07
1.24311e+08
3.08524e+07
5.96949e+07
3.84196e+07
2.36801e+07
2.23032e+08
1.38385e+08
4.8946e+07
3.15496e+07
3.63805e+07
1.45628e+07
2.87561e+08
2.76069e+07
5.32282e+07
6.32723e+07
1.2026e+08
5.9334e+07
1.54174e+08
9.57147e+07
2.85647e+07
2.02631e+08
4.85659e+07
7.2504e+07
4.9307e+07
5.88106e+07
9.24578e+07
6.28791e+07
2.74412e+08
3.70272e+08
6.42956e+07
2.83656e+07
2.96329e+08
2.77643e+08
4.84378e+07
4.64882e+07
1.82993e+08
1.92249e+08
5.1904e+08
2.7805e+08
1.83016e+08
9.15534e+07
5.88632e+08
3.90507e+08
4.91631e+07
7.6979e+08
3.78457e+08
1.56103e+08
1.96287e+08
4.77299e+08
1.83482e+08
2.08154e+08
3.89402e+08
4.95638e+08
3.60609e+08
2.06362e+08
6.23936e+07
3.27587e+08
2.04981e+08
1.22568e+08
3.95128e+08
2.21488e+08
2.306e+08
1.38616e+08
3.16157e+08
4.63087e+07
1.67004e+08
3.5645e+08
5.98903e+07
1.73568e+08
3.47023e+08
2.26919e+08
5.29033e+07
1.62579e+08
1.08617e+08
4.56996e+08
4.67689e+08
1.75236e+08
1.74379e+08
2.96455e+08
5.23691e+08
1.08568e+08
2.17168e+08
1.90231e+08
1.33713e+08
2.68972e+08
8.15771e+07
6.27892e+07
3.14609e+08
2.35665e+08
1.17416e+08
4.61343e+07
1.41164e+08
5.54954e+07
2.08262e+08
3.43165e+08
1.96715e+08
1.65308e+08
7.00522e+07
1.46261e+08
4.00055e+08
3.9739e+08
1.83439e+08
1.43246e+08
1.03064e+08
1.80211e+08
3.15091e+08
2.88131e+08
2.06979e+08
7.04474e+07
7.29621e+07
5.38352e+07
2.11973e+08
8.9503e+07
8.10944e+07
1.72684e+08
4.06577e+08
1.46574e+08
4.70955e+08
4.29261e+08
5.5537e+07
4.65866e+08
1.38811e+08
2.08074e+08
7.69392e+07
1.04697e+08
3.67886e+08
2.11031e+08
1.06779e+08
1.22266e+08
2.93384e+07
2.05862e+07
9.29136e+07
1.62234e+08
3.69869e+07
2.4318e+07
1.8434e+08
1.95265e+08
2.40129e+08
1.55648e+08
1.01683e+08
6.07333e+07
1.21296e+08
1.55443e+08
2.39141e+07
2.30123e+08
1.39744e+08
1.1814e+08
1.27554e+08
1.57004e+08
1.08992e+08
8.24361e+07
2.31889e+08
1.48091e+08
1.81497e+08
1.10616e+08
4.69657e+07
4.90173e+08
1.78516e+08
7.76934e+07
1.19314e+08
1.85766e+08
1.50694e+08
1.41117e+08
1.53532e+08
2.22826e+07
1.68634e+08
2.76669e+08
2.90571e+07
1.27866e+08
2.1318e+08
2.13665e+08
1.46379e+07
4.5545e+07
5.23333e+07
1.27529e+08
2.08915e+08
1.06108e+08
1.25588e+08
2.34611e+08
1.48027e+08
1.1508e+08
2.00638e+08
9.3996e+07
8.26049e+07
2.17763e+08
6.58387e+07
2.21511e+07
8.57781e+07
1.89691e+08
3.84223e+07
5.9696e+07
1.01316e+08
5.43548e+07
2.05755e+08
2.62414e+08
1.74628e+08
1.02305e+08
4.44002e+07
5.49106e+07
1.39461e+08
1.61413e+08
5.93661e+07
8.86739e+07
5.70966e+07
4.35772e+07
1.75144e+08
2.08157e+08
1.0237e+08
4.85256e+07
6.51565e+07
2.59298e+07
3.41074e+08
3.53115e+07
4.75355e+07
1.07883e+08
1.89779e+08
1.21356e+08
2.085e+08
8.82558e+07
6.73099e+07
1.18641e+08
9.23226e+07
9.02873e+07
6.37224e+07
8.09771e+07
1.53012e+08
1.93251e+08
3.69038e+08
3.85349e+08
8.78321e+07
6.24505e+07
3.18492e+08
3.57187e+08
5.34763e+07
4.50463e+07
3.43778e+08
2.02353e+08
5.37486e+08
3.52974e+08
2.34104e+08
2.50177e+08
5.15589e+08
4.01187e+08
7.00851e+07
7.08835e+08
3.41583e+08
1.92528e+08
3.2992e+08
4.46559e+08
1.90779e+08
3.30634e+08
4.02809e+08
4.37783e+08
4.03291e+08
1.76469e+08
6.3068e+07
4.37158e+08
2.98268e+08
1.87518e+08
4.02769e+08
2.86634e+08
3.19486e+08
2.42446e+08
3.99608e+08
6.41179e+07
2.34382e+08
3.19783e+08
9.99862e+07
2.05409e+08
3.59053e+08
5.38515e+08
5.22885e+07
1.47526e+08
1.85382e+08
4.29535e+08
7.3006e+08
1.88696e+08
1.88351e+08
4.42914e+08
5.19968e+08
1.57133e+08
2.59031e+08
2.39269e+08
2.12454e+08
3.05486e+08
1.42532e+08
6.54736e+07
3.2896e+08
3.4074e+08
1.10278e+08
1.35782e+08
2.30196e+08
1.20569e+08
2.92958e+08
3.92812e+08
4.05754e+08
3.99362e+08
8.64939e+07
1.44582e+08
3.90736e+08
3.95772e+08
2.21707e+08
1.48284e+08
2.09246e+08
1.60758e+08
3.10566e+08
4.66283e+08
3.80497e+08
8.69492e+07
1.42591e+08
7.2795e+07
2.27513e+08
9.01481e+07
1.49141e+08
2.10544e+08
4.31584e+08
2.63943e+08
4.35695e+08
3.64328e+08
1.06594e+08
4.10341e+08
1.95608e+08
2.58083e+08
1.11602e+08
1.21329e+08
3.85989e+08
2.40067e+08
