4
aabb
ccdd
eeff
gghh
19
aaaaaaaaaaaaaaaaaaa
bbbbbbbbbbbbbbbbbbb
ccccccccccccccccccc
ddddddddddddddddddd
eeeeeeeeeeeeeeeeeee
fffffffffffffffffff
ggggggggggggggggggg
hhhhhhhhhhhhhhhhhhh
iiiiiiiiiiiiiiiiiii
jjjjjjjjjjjjjjjjjjj
kkkkkkkkkkkkkkkkkkk
lllllllllllllllllll
mmmmmmmmmmmmmmmmmmm
nnnnnnnnnnnnnnnnnnn
ooooooooooooooooooo
ppppppppppppppppppp
qqqqqqqqqqqqqqqqqqq
rrrrrrrrrrrrrrrrrrr
sssssssssssssssssss
11
aaaaaaaaaaa
bbbbbbbbbbb
ccccccccccc
ddddddddddd
eeeeeeeeeee
fffffffffff
ggggggggggg
hhhhhhhhhhh
iiiiiiiiiii
jjjjjjjjjjj
kkkkkkkkkkk
17
aaaaaaaaaaaaaaaaa
bbbbbbbbbbbbbbbbb
ccccccccccccccccc
ddddddddddddddddd
eeeeeeeeeeeeeeeee
fffffffffffffffff
ggggggggggggggggg
hhhhhhhhhhhhhhhhh
iiiiiiiiiiiiiiiii
jjjjjjjjjjjjjjjjj
kkkkkkkkkkkkkkkkk
lllllllllllllllll
mmmmmmmmmmmmmmmmm
nnnnnnnnnnnnnnnnn
ooooooooooooooooo
ppppppppppppppppp
qqqqqqqqqqqqqqqqq
23
aaaaaaaaaaaaaaaaaaaaaaa
bbbbbbbbbbbbbbbbbbbbbbb
ccccccccccccccccccccccc
ddddddddddddddddddddddd
eeeeeeeeeeeeeeeeeeeeeee
fffffffffffffffffffffff
ggggggggggggggggggggggg
hhhhhhhhhhhhhhhhhhhhhhh
iiiiiiiiiiiiiiiiiiiiiii
jjjjjjjjjjjjjjjjjjjjjjj
kkkkkkkkkkkkkkkkkkkkkkk
lllllllllllllllllllllll
mmmmmmmmmmmmmmmmmmmmmmm
nnnnnnnnnnnnnnnnnnnnnnn
ooooooooooooooooooooooo
ppppppppppppppppppppppp
qqqqqqqqqqqqqqqqqqqqqqq
rrrrrrrrrrrrrrrrrrrrrrr
sssssssssssssssssssssss
ttttttttttttttttttttttt
uuuuuuuuuuuuuuuuuuuuuuu
vvvvvvvvvvvvvvvvvvvvvvv
wwwwwwwwwwwwwwwwwwwwwww
4
abcd
efgh
ijkl
mnop
3
aaa
bbb
ccc
7
aaaaaaa
bbbbbbb
ccccccc
ddddddd
eeeeeee
fffffff
ggggggg
3
abc
def
ghi
12
aaaaaabbbbbb
ccccccdddddd
eeeeeeffffff
gggggghhhhhh
iiiiiijjjjjj
kkkkkkllllll
mmmmmmnnnnnn
oooooopppppp
qqqqqqrrrrrr
sssssstttttt
uuuuuuvvvvvv
wwwwwwxxxxxx
5
aaaaa
bbbbb
ccccc
ddddd
eeeee
10
aaaaaaaaaa
bbbbbbbbbb
cccccccccc
dddddddddd
eeeeeeeeee
ffffffffff
gggggggggg
hhhhhhhhhh
iiiiiiiiii
jjjjjjjjjj
14
aaaaaaaaaaaaaa
bbbbbbbbbbbbbb
cccccccccccccc
dddddddddddddd
eeeeeeeeeeeeee
ffffffffffffff
gggggggggggggg
hhhhhhhhhhhhhh
iiiiiiiiiiiiii
jjjjjjjjjjjjjj
kkkkkkkkkkkkkk
llllllllllllll
mmmmmmmmmmmmmm
nnnnnnnnnnnnnn
6
aabbcc
ddeeff
gghhii
jjkkll
mmnnoo
ppqqrr
6
aaabbb
cccddd
eeefff
ggghhh
iiijjj
kkklll
6
aaaaaa
bbbbbb
cccccc
dddddd
eeeeee
ffffff
13
aaaaaaaaaaaaa
bbbbbbbbbbbbb
ccccccccccccc
ddddddddddddd
eeeeeeeeeeeee
fffffffffffff
ggggggggggggg
hhhhhhhhhhhhh
iiiiiiiiiiiii
jjjjjjjjjjjjj
kkkkkkkkkkkkk
lllllllllllll
mmmmmmmmmmmmm
2
ab
cd
2
aa
bb
26
aaaaaaaaaaaaaaaaaaaaaaaaaa
bbbbbbbbbbbbbbbbbbbbbbbbbb
cccccccccccccccccccccccccc
dddddddddddddddddddddddddd
eeeeeeeeeeeeeeeeeeeeeeeeee
ffffffffffffffffffffffffff
gggggggggggggggggggggggggg
hhhhhhhhhhhhhhhhhhhhhhhhhh
iiiiiiiiiiiiiiiiiiiiiiiiii
jjjjjjjjjjjjjjjjjjjjjjjjjj
kkkkkkkkkkkkkkkkkkkkkkkkkk
llllllllllllllllllllllllll
mmmmmmmmmmmmmmmmmmmmmmmmmm
nnnnnnnnnnnnnnnnnnnnnnnnnn
oooooooooooooooooooooooooo
pppppppppppppppppppppppppp
qqqqqqqqqqqqqqqqqqqqqqqqqq
rrrrrrrrrrrrrrrrrrrrrrrrrr
ssssssssssssssssssssssssss
tttttttttttttttttttttttttt
uuuuuuuuuuuuuuuuuuuuuuuuuu
vvvvvvvvvvvvvvvvvvvvvvvvvv
wwwwwwwwwwwwwwwwwwwwwwwwww
xxxxxxxxxxxxxxxxxxxxxxxxxx
yyyyyyyyyyyyyyyyyyyyyyyyyy
zzzzzzzzzzzzzzzzzzzzzzzzzz
22
aaaaaaaaaaaaaaaaaaaaaa
bbbbbbbbbbbbbbbbbbbbbb
cccccccccccccccccccccc
dddddddddddddddddddddd
eeeeeeeeeeeeeeeeeeeeee
ffffffffffffffffffffff
gggggggggggggggggggggg
hhhhhhhhhhhhhhhhhhhhhh
iiiiiiiiiiiiiiiiiiiiii
jjjjjjjjjjjjjjjjjjjjjj
kkkkkkkkkkkkkkkkkkkkkk
llllllllllllllllllllll
mmmmmmmmmmmmmmmmmmmmmm
nnnnnnnnnnnnnnnnnnnnnn
oooooooooooooooooooooo
pppppppppppppppppppppp
qqqqqqqqqqqqqqqqqqqqqq
rrrrrrrrrrrrrrrrrrrrrr
ssssssssssssssssssssss
tttttttttttttttttttttt
uuuuuuuuuuuuuuuuuuuuuu
vvvvvvvvvvvvvvvvvvvvvv
1
a
15
aaaaaaaaaaaaaaa
bbbbbbbbbbbbbbb
ccccccccccccccc
ddddddddddddddd
eeeeeeeeeeeeeee
fffffffffffffff
ggggggggggggggg
hhhhhhhhhhhhhhh
iiiiiiiiiiiiiii
jjjjjjjjjjjjjjj
kkkkkkkkkkkkkkk
lllllllllllllll
mmmmmmmmmmmmmmm
nnnnnnnnnnnnnnn
ooooooooooooooo
10
aaaaabbbbb
cccccddddd
eeeeefffff
ggggghhhhh
iiiiijjjjj
kkkkklllll
mmmmmnnnnn
oooooppppp
qqqqqrrrrr
sssssttttt
21
aaaaaaaaaaaaaaaaaaaaa
bbbbbbbbbbbbbbbbbbbbb
ccccccccccccccccccccc
ddddddddddddddddddddd
eeeeeeeeeeeeeeeeeeeee
fffffffffffffffffffff
ggggggggggggggggggggg
hhhhhhhhhhhhhhhhhhhhh
iiiiiiiiiiiiiiiiiiiii
jjjjjjjjjjjjjjjjjjjjj
kkkkkkkkkkkkkkkkkkkkk
lllllllllllllllllllll
mmmmmmmmmmmmmmmmmmmmm
nnnnnnnnnnnnnnnnnnnnn
ooooooooooooooooooooo
ppppppppppppppppppppp
qqqqqqqqqqqqqqqqqqqqq
rrrrrrrrrrrrrrrrrrrrr
sssssssssssssssssssss
ttttttttttttttttttttt
uuuuuuuuuuuuuuuuuuuuu
5
abcde
fghij
klmno
pqrst
uvwxy
14
aaaaaaaaaaaaaa
bbbbbbbbbbbbbb
cccccccccccccc
dddddddddddddd
eeeeeeeeeeeeee
ffffffffffffff
gggggggggggggg
hhhhhhhhhhhhhh
iiiiiiiiiiiiii
jjjjjjjjjjjjjj
kkkkkkkkkkkkkk
llllllllllllll
mmmmmmmmmmmmmm
nnnnnnnnnnnnnn
4
aabb
ccdd
eeff
gghh
4
aabb
ccdd
eeff
gghh
10
aaaaaaaaaa
bbbbbbbbbb
cccccccccc
dddddddddd
eeeeeeeeee
ffffffffff
gggggggggg
hhhhhhhhhh
iiiiiiiiii
jjjjjjjjjj
4
aabb
ccdd
eeff
gghh
22
aaaaaaaaaaaaaaaaaaaaaa
bbbbbbbbbbbbbbbbbbbbbb
cccccccccccccccccccccc
dddddddddddddddddddddd
eeeeeeeeeeeeeeeeeeeeee
ffffffffffffffffffffff
gggggggggggggggggggggg
hhhhhhhhhhhhhhhhhhhhhh
iiiiiiiiiiiiiiiiiiiiii
jjjjjjjjjjjjjjjjjjjjjj
kkkkkkkkkkkkkkkkkkkkkk
llllllllllllllllllllll
mmmmmmmmmmmmmmmmmmmmmm
nnnnnnnnnnnnnnnnnnnnnn
oooooooooooooooooooooo
pppppppppppppppppppppp
qqqqqqqqqqqqqqqqqqqqqq
rrrrrrrrrrrrrrrrrrrrrr
ssssssssssssssssssssss
tttttttttttttttttttttt
uuuuuuuuuuuuuuuuuuuuuu
vvvvvvvvvvvvvvvvvvvvvv
21
aaaaaaaaaaaaaaaaaaaaa
bbbbbbbbbbbbbbbbbbbbb
ccccccccccccccccccccc
ddddddddddddddddddddd
eeeeeeeeeeeeeeeeeeeee
fffffffffffffffffffff
ggggggggggggggggggggg
hhhhhhhhhhhhhhhhhhhhh
iiiiiiiiiiiiiiiiiiiii
jjjjjjjjjjjjjjjjjjjjj
kkkkkkkkkkkkkkkkkkkkk
lllllllllllllllllllll
mmmmmmmmmmmmmmmmmmmmm
nnnnnnnnnnnnnnnnnnnnn
ooooooooooooooooooooo
ppppppppppppppppppppp
qqqqqqqqqqqqqqqqqqqqq
rrrrrrrrrrrrrrrrrrrrr
sssssssssssssssssssss
ttttttttttttttttttttt
uuuuuuuuuuuuuuuuuuuuu
17
aaaaaaaaaaaaaaaaa
bbbbbbbbbbbbbbbbb
ccccccccccccccccc
ddddddddddddddddd
eeeeeeeeeeeeeeeee
fffffffffffffffff
ggggggggggggggggg
hhhhhhhhhhhhhhhhh
iiiiiiiiiiiiiiiii
jjjjjjjjjjjjjjjjj
kkkkkkkkkkkkkkkkk
lllllllllllllllll
mmmmmmmmmmmmmmmmm
nnnnnnnnnnnnnnnnn
ooooooooooooooooo
ppppppppppppppppp
qqqqqqqqqqqqqqqqq
6
aabbcc
ddeeff
gghhii
jjkkll
mmnnoo
ppqqrr
17
aaaaaaaaaaaaaaaaa
bbbbbbbbbbbbbbbbb
ccccccccccccccccc
ddddddddddddddddd
eeeeeeeeeeeeeeeee
fffffffffffffffff
ggggggggggggggggg
hhhhhhhhhhhhhhhhh
iiiiiiiiiiiiiiiii
jjjjjjjjjjjjjjjjj
kkkkkkkkkkkkkkkkk
lllllllllllllllll
mmmmmmmmmmmmmmmmm
nnnnnnnnnnnnnnnnn
ooooooooooooooooo
ppppppppppppppppp
qqqqqqqqqqqqqqqqq
10
aaaaaaaaaa
bbbbbbbbbb
cccccccccc
dddddddddd
eeeeeeeeee
ffffffffff
gggggggggg
hhhhhhhhhh
iiiiiiiiii
jjjjjjjjjj
22
aaaaaaaaaaaaaaaaaaaaaa
bbbbbbbbbbbbbbbbbbbbbb
cccccccccccccccccccccc
dddddddddddddddddddddd
eeeeeeeeeeeeeeeeeeeeee
ffffffffffffffffffffff
gggggggggggggggggggggg
hhhhhhhhhhhhhhhhhhhhhh
iiiiiiiiiiiiiiiiiiiiii
jjjjjjjjjjjjjjjjjjjjjj
kkkkkkkkkkkkkkkkkkkkkk
llllllllllllllllllllll
mmmmmmmmmmmmmmmmmmmmmm
nnnnnnnnnnnnnnnnnnnnnn
oooooooooooooooooooooo
pppppppppppppppppppppp
qqqqqqqqqqqqqqqqqqqqqq
rrrrrrrrrrrrrrrrrrrrrr
ssssssssssssssssssssss
tttttttttttttttttttttt
uuuuuuuuuuuuuuuuuuuuuu
vvvvvvvvvvvvvvvvvvvvvv
4
aabb
ccdd
eeff
gghh
22
aaaaaaaaaaaaaaaaaaaaaa
bbbbbbbbbbbbbbbbbbbbbb
cccccccccccccccccccccc
dddddddddddddddddddddd
eeeeeeeeeeeeeeeeeeeeee
ffffffffffffffffffffff
gggggggggggggggggggggg
hhhhhhhhhhhhhhhhhhhhhh
iiiiiiiiiiiiiiiiiiiiii
jjjjjjjjjjjjjjjjjjjjjj
kkkkkkkkkkkkkkkkkkkkkk
llllllllllllllllllllll
mmmmmmmmmmmmmmmmmmmmmm
nnnnnnnnnnnnnnnnnnnnnn
oooooooooooooooooooooo
pppppppppppppppppppppp
qqqqqqqqqqqqqqqqqqqqqq
rrrrrrrrrrrrrrrrrrrrrr
ssssssssssssssssssssss
tttttttttttttttttttttt
uuuuuuuuuuuuuuuuuuuuuu
vvvvvvvvvvvvvvvvvvvvvv
2
ab
cd
13
aaaaaaaaaaaaa
bbbbbbbbbbbbb
ccccccccccccc
ddddddddddddd
eeeeeeeeeeeee
fffffffffffff
ggggggggggggg
hhhhhhhhhhhhh
iiiiiiiiiiiii
jjjjjjjjjjjjj
kkkkkkkkkkkkk
lllllllllllll
mmmmmmmmmmmmm
4
aabb
ccdd
eeff
gghh
17
aaaaaaaaaaaaaaaaa
bbbbbbbbbbbbbbbbb
ccccccccccccccccc
ddddddddddddddddd
eeeeeeeeeeeeeeeee
fffffffffffffffff
ggggggggggggggggg
hhhhhhhhhhhhhhhhh
iiiiiiiiiiiiiiiii
jjjjjjjjjjjjjjjjj
kkkkkkkkkkkkkkkkk
lllllllllllllllll
mmmmmmmmmmmmmmmmm
nnnnnnnnnnnnnnnnn
ooooooooooooooooo
ppppppppppppppppp
qqqqqqqqqqqqqqqqq
6
aabbcc
ddeeff
gghhii
jjkkll
mmnnoo
ppqqrr
2
aa
bb
1
a
19
aaaaaaaaaaaaaaaaaaa
bbbbbbbbbbbbbbbbbbb
ccccccccccccccccccc
ddddddddddddddddddd
eeeeeeeeeeeeeeeeeee
fffffffffffffffffff
ggggggggggggggggggg
hhhhhhhhhhhhhhhhhhh
iiiiiiiiiiiiiiiiiii
jjjjjjjjjjjjjjjjjjj
kkkkkkkkkkkkkkkkkkk
lllllllllllllllllll
mmmmmmmmmmmmmmmmmmm
nnnnnnnnnnnnnnnnnnn
ooooooooooooooooooo
ppppppppppppppppppp
qqqqqqqqqqqqqqqqqqq
rrrrrrrrrrrrrrrrrrr
sssssssssssssssssss
10
aaaaabbbbb
cccccddddd
eeeeefffff
ggggghhhhh
iiiiijjjjj
kkkkklllll
mmmmmnnnnn
oooooppppp
qqqqqrrrrr
sssssttttt
3
abc
def
ghi
