419
757
75
84
8
310
120
9
797
70
17
12
133
29
189
306
77
69
784
101
141
41
780
653
1000
279
1000
106
358
62
744
317
33
10
56
16
128
1000
1000
1000
261
823
7
728
285
899
977
176
394
54
122
43
311
64
16
307
253
1000
78
89
89
77
920
715
804
19
47
114
353
1000
103
1000
259
26
94
0
387
17
44
429
41
487
111
245
1000
184
210
343
645
148
131
791
4
1000
70
189
647
110
50
351
191
36
120
94
267
90
60
5
0
815
290
1
9
116
329
683
90
83
133
77
42
243
0
121
119
599
1000
646
600
64
278
16
828
163
4
1000
1000
432
23
65
324
125
174
337
894
437
411
183
1000
254
141
4
701
629
292
177
88
1000
56
1000
35
54
1000
77
271
116
43
307
93
251
580
44
293
883
78
3
46
139
2
787
301
181
86
483
123
84
16
204
511
46
602
210
1000
38
49
6
45
960
137
881
