504
504
296
504
19
23
504
128
303
1000
1000
77
333
551
504
39
516
805
570
317
1000
173
476
259
115
7
791
1000
11
835
1000
145
539
465
524
351
1000
504
504
501
118
1000
674
37
667
504
13
41
385
376
187
186
416
691
1000
504
180
300
539
504
1000
1000
261
180
569
195
296
19
669
1000
111
504
1000
504
1000
166
287
147
25
972
1000
1000
1000
18
158
504
9
504
171
10
411
1000
887
504
327
504
493
460
69
504
26
406
288
504
504
355
61
446
468
504
1000
504
228
892
42
483
634
1000
1000
1000
31
228
36
33
1000
185
175
504
38
302
115
463
1000
301
218
529
464
504
83
504
600
109
418
112
57
1000
504
272
461
504
504
940
782
383
627
504
10
63
162
191
1000
780
20
1000
11
154
707
552
65
558
